Using pre-set license
Built from '2020.2/staging' branch; Version is '2020.2.6f1 (8a2143876886) revision 9052483'; Using compiler version '192528614'; Build Type 'Release'
OS: 'Windows 10 Pro; OS build 19042.867; Version 2009; 64bit' Language: 'es' Physical Memory: 15741 MB
BatchMode: 1, IsHumanControllingUs: 0, StartBugReporterOnCrash: 0, Is64bit: 1, IsPro: 0

 COMMAND LINE ARGUMENTS:
D:\Program Files\2020.2.6f1\Editor\Unity.exe
-adb2
-batchMode
-noUpm
-name
AssetImportWorker0
-projectPath
D:/arijo/OneDrive/Documentos/4TO SEMESTRE/Construcci贸n de software y toma de decisiones/Videojuegos/PrototipoVideojuego
-logFile
Logs/AssetImportWorker0.log
-srvPort
63370
Successfully changed project path to: D:/arijo/OneDrive/Documentos/4TO SEMESTRE/Construcci贸n de software y toma de decisiones/Videojuegos/PrototipoVideojuego
D:/arijo/OneDrive/Documentos/4TO SEMESTRE/Construcci贸n de software y toma de decisiones/Videojuegos/PrototipoVideojuego
Using Asset Import Pipeline V2.
Refreshing native plugins compatible for Editor in 51.48 ms, found 1 plugins.
Preloading 0 native plugins for Editor in 0.00 ms.
Initialize engine version: 2020.2.6f1 (8a2143876886)
[Subsystems] Discovering subsystems at path D:/Program Files/2020.2.6f1/Editor/Data/Resources/UnitySubsystems
[Subsystems] Discovering subsystems at path D:/arijo/OneDrive/Documentos/4TO SEMESTRE/Construcci贸n de software y toma de decisiones/Videojuegos/PrototipoVideojuego/Assets
GfxDevice: creating device client; threaded=0
Direct3D:
    Version:  Direct3D 11.0 [level 11.1]
    Renderer: AMD Radeon(TM) Graphics (ID=0x1636)
    Vendor:   
    VRAM:     7870 MB
    Driver:   27.20.1022.2001
Initialize mono
Mono path[0] = 'D:/Program Files/2020.2.6f1/Editor/Data/Managed'
Mono path[1] = 'D:/Program Files/2020.2.6f1/Editor/Data/MonoBleedingEdge/lib/mono/unityjit'
Mono config path = 'D:/Program Files/2020.2.6f1/Editor/Data/MonoBleedingEdge/etc'
Using monoOptions --debugger-agent=transport=dt_socket,embedding=1,server=y,suspend=n,address=127.0.0.1:56288
Begin MonoManager ReloadAssembly
Registering precompiled unity dll's ...
Register platform support module: D:/Program Files/2020.2.6f1/Editor/Data/PlaybackEngines/WindowsStandaloneSupport/UnityEditor.WindowsStandalone.Extensions.dll
Registered in 0.004020 seconds.
Native extension for WindowsStandalone target not found
Refreshing native plugins compatible for Editor in 59.55 ms, found 1 plugins.
Preloading 0 native plugins for Editor in 0.00 ms.
Invoked RoslynAnalysisRunner static constructor.
RoslynAnalysisRunner will not be running.
RoslynAnalysisRunner has terminated.
Mono: successfully reloaded assembly
- Completed reload, in  1.498 seconds
Platform modules already initialized, skipping
Registering precompiled user dll's ...
Registered in 0.001658 seconds.
Begin MonoManager ReloadAssembly
Native extension for WindowsStandalone target not found
Refreshing native plugins compatible for Editor in 51.85 ms, found 1 plugins.
Preloading 0 native plugins for Editor in 0.00 ms.
Invoked RoslynAnalysisRunner static constructor.
RoslynAnalysisRunner will not be running.
RoslynAnalysisRunner has terminated.
Mono: successfully reloaded assembly
- Completed reload, in  1.197 seconds
Platform modules already initialized, skipping
========================================================================
Worker process is ready to serve import requests
Launched and connected shader compiler UnityShaderCompiler.exe after 0.09 seconds
Refreshing native plugins compatible for Editor in 0.69 ms, found 1 plugins.
Preloading 0 native plugins for Editor in 0.00 ms.
Unloading 1814 Unused Serialized files (Serialized files now loaded: 0)
System memory in use before: 87.3 MB.
System memory in use after: 87.4 MB.

Unloading 19 unused Assets to reduce memory usage. Loaded Objects now: 2262.
Total: 6.849700 ms (FindLiveObjects: 1.198600 ms CreateObjectMapping: 0.076200 ms MarkObjects: 5.209900 ms  DeleteObjects: 0.359100 ms)

========================================================================
Received Import Request.
  path: Assets/Amigo/Jump (2).png
  artifactKey: Guid(e2d6e906186262347a673691019ab5cc) Importer(815301076,1909f56bfc062723c751e8b465ee728b)
Start importing Assets/Amigo/Jump (2).png using Guid(e2d6e906186262347a673691019ab5cc) Importer(815301076,1909f56bfc062723c751e8b465ee728b)  -> (artifact id: '0e537e8b0afc24a56506c59b21b4768b') in 0.189785 seconds
  Import took 0.195908 seconds .

========================================================================
Received Import Request.
  Time since last request: 0.000366 seconds.
  path: Assets/Amigo/Dead (4).png
  artifactKey: Guid(35b873ea31224604f8469a716931b1b4) Importer(815301076,1909f56bfc062723c751e8b465ee728b)
Start importing Assets/Amigo/Dead (4).png using Guid(35b873ea31224604f8469a716931b1b4) Importer(815301076,1909f56bfc062723c751e8b465ee728b)  -> (artifact id: 'd1dd059e31b466e33ed2a01e33bf63c7') in 0.044232 seconds
  Import took 0.055284 seconds .

========================================================================
Received Import Request.
  Time since last request: 0.006010 seconds.
  path: Assets/Amigo/Idle (7).png
  artifactKey: Guid(1578adbd3262c8c4fa0de162b84acd34) Importer(815301076,1909f56bfc062723c751e8b465ee728b)
Start importing Assets/Amigo/Idle (7).png using Guid(1578adbd3262c8c4fa0de162b84acd34) Importer(815301076,1909f56bfc062723c751e8b465ee728b)  -> (artifact id: '8122c7bccb8e71e3f99cbdcf3f675c3e') in 0.039858 seconds
  Import took 0.047172 seconds .

========================================================================
Received Import Request.
  Time since last request: 0.000576 seconds.
  path: Assets/Amigo/Dead (6).png
  artifactKey: Guid(3e75b85b71d11e848854845768a9e1bd) Importer(815301076,1909f56bfc062723c751e8b465ee728b)
Start importing Assets/Amigo/Dead (6).png using Guid(3e75b85b71d11e848854845768a9e1bd) Importer(815301076,1909f56bfc062723c751e8b465ee728b)  -> (artifact id: 'b5d05b70aa7055d2b14e0f2f5865f6be') in 0.041194 seconds
  Import took 0.048814 seconds .

========================================================================
Received Import Request.
  Time since last request: 0.000268 seconds.
  path: Assets/Amigo/Dead (7).png
  artifactKey: Guid(407de1598ec993b4d8a21dc0b983ee15) Importer(815301076,1909f56bfc062723c751e8b465ee728b)
Start importing Assets/Amigo/Dead (7).png using Guid(407de1598ec993b4d8a21dc0b983ee15) Importer(815301076,1909f56bfc062723c751e8b465ee728b)  -> (artifact id: 'a6f173ec0632e0677cfa2370bf8b6672') in 0.050714 seconds
  Import took 0.057849 seconds .

========================================================================
Received Import Request.
  Time since last request: 0.000299 seconds.
  path: Assets/Amigo/Idle (5).png
  artifactKey: Guid(cceca0e88f9c84b42aac288d4cea79fe) Importer(815301076,1909f56bfc062723c751e8b465ee728b)
Start importing Assets/Amigo/Idle (5).png using Guid(cceca0e88f9c84b42aac288d4cea79fe) Importer(815301076,1909f56bfc062723c751e8b465ee728b)  -> (artifact id: 'e2a4754cd94f4ea2abe6c8959cf0ba9c') in 0.040246 seconds
  Import took 0.046622 seconds .

========================================================================
Received Import Request.
  Time since last request: 0.000431 seconds.
  path: Assets/Amigo/Jump (9).png
  artifactKey: Guid(d537834be5defea40811484e5f239154) Importer(815301076,1909f56bfc062723c751e8b465ee728b)
Start importing Assets/Amigo/Jump (9).png using Guid(d537834be5defea40811484e5f239154) Importer(815301076,1909f56bfc062723c751e8b465ee728b)  -> (artifact id: '0ef1c15ae106a328bd271a2952741b95') in 0.039440 seconds
  Import took 0.045959 seconds .

========================================================================
Received Import Request.
  Time since last request: 0.000316 seconds.
  path: Assets/Amigo/Jump (8).png
  artifactKey: Guid(97dfd6af560876b458b338f25428553a) Importer(815301076,1909f56bfc062723c751e8b465ee728b)
Start importing Assets/Amigo/Jump (8).png using Guid(97dfd6af560876b458b338f25428553a) Importer(815301076,1909f56bfc062723c751e8b465ee728b)  -> (artifact id: 'caec51af1a7f7dbb570b0df80fa40037') in 0.038635 seconds
  Import took 0.046354 seconds .

========================================================================
Received Import Request.
  Time since last request: 0.000304 seconds.
  path: Assets/Amigo/Idle (3).png
  artifactKey: Guid(58977115aadde6d4bb2ba208b148a298) Importer(815301076,1909f56bfc062723c751e8b465ee728b)
Start importing Assets/Amigo/Idle (3).png using Guid(58977115aadde6d4bb2ba208b148a298) Importer(815301076,1909f56bfc062723c751e8b465ee728b)  -> (artifact id: '3b7fd73c45723118a159e3cc85f15cbb') in 0.040805 seconds
  Import took 0.047995 seconds .

========================================================================
Received Import Request.
  Time since last request: 0.000523 seconds.
  path: Assets/Amigo/Jump (1).png
  artifactKey: Guid(53c6566e431ab254489dc478dd6cb3a9) Importer(815301076,1909f56bfc062723c751e8b465ee728b)
Start importing Assets/Amigo/Jump (1).png using Guid(53c6566e431ab254489dc478dd6cb3a9) Importer(815301076,1909f56bfc062723c751e8b465ee728b)  -> (artifact id: '3a3c711278e7ec61f2079141ccd67949') in 0.033686 seconds
  Import took 0.037709 seconds .

========================================================================
Received Import Request.
  Time since last request: 0.000333 seconds.
  path: Assets/Amigo/JumpMelee (3).png
  artifactKey: Guid(f1fc7daef8aa7dd408a116a7692e9fcd) Importer(815301076,1909f56bfc062723c751e8b465ee728b)
Start importing Assets/Amigo/JumpMelee (3).png using Guid(f1fc7daef8aa7dd408a116a7692e9fcd) Importer(815301076,1909f56bfc062723c751e8b465ee728b)  -> (artifact id: '78a365d77905fc54b3c084930d465c7c') in 0.034201 seconds
  Import took 0.039383 seconds .

========================================================================
Received Import Request.
  Time since last request: 0.000274 seconds.
  path: Assets/Amigo/Dead (10).png
  artifactKey: Guid(e6958e5e3b70348499a2014f0ca82bfa) Importer(815301076,1909f56bfc062723c751e8b465ee728b)
Start importing Assets/Amigo/Dead (10).png using Guid(e6958e5e3b70348499a2014f0ca82bfa) Importer(815301076,1909f56bfc062723c751e8b465ee728b)  -> (artifact id: '6057c89fc01bff7f95f3e43151227b0c') in 0.041607 seconds
  Import took 0.046172 seconds .

========================================================================
Received Import Request.
  Time since last request: 0.000326 seconds.
  path: Assets/Amigo/JumpMelee (6).png
  artifactKey: Guid(a4c89f51df7020c42bd4bf72d9a795a2) Importer(815301076,1909f56bfc062723c751e8b465ee728b)
Start importing Assets/Amigo/JumpMelee (6).png using Guid(a4c89f51df7020c42bd4bf72d9a795a2) Importer(815301076,1909f56bfc062723c751e8b465ee728b)  -> (artifact id: 'd143009ae88f3261af1880a6c69bbd72') in 0.032222 seconds
  Import took 0.037273 seconds .

========================================================================
Received Import Request.
  Time since last request: 0.000256 seconds.
  path: Assets/Amigo/Jump (7).png
  artifactKey: Guid(2886d88c2d7775c49afe495c54201a56) Importer(815301076,1909f56bfc062723c751e8b465ee728b)
Start importing Assets/Amigo/Jump (7).png using Guid(2886d88c2d7775c49afe495c54201a56) Importer(815301076,1909f56bfc062723c751e8b465ee728b)  -> (artifact id: 'cae3551ed3a7182d48beab37539bba79') in 0.042894 seconds
  Import took 0.049544 seconds .

========================================================================
Received Import Request.
  Time since last request: 0.000222 seconds.
  path: Assets/Amigo/JumpMelee (5).png
  artifactKey: Guid(4a72bc99de38b62449229d953dd84ea4) Importer(815301076,1909f56bfc062723c751e8b465ee728b)
Start importing Assets/Amigo/JumpMelee (5).png using Guid(4a72bc99de38b62449229d953dd84ea4) Importer(815301076,1909f56bfc062723c751e8b465ee728b)  -> (artifact id: 'e583cdbe092d323228cb5bb97ba918e1') in 0.042985 seconds
  Import took 0.049945 seconds .

========================================================================
Received Import Request.
  Time since last request: 0.000376 seconds.
  path: Assets/Amigo/Jump (3).png
  artifactKey: Guid(5ce17aa49120f4d4eb385b762593fcb0) Importer(815301076,1909f56bfc062723c751e8b465ee728b)
Start importing Assets/Amigo/Jump (3).png using Guid(5ce17aa49120f4d4eb385b762593fcb0) Importer(815301076,1909f56bfc062723c751e8b465ee728b)  -> (artifact id: '273dd5fafa38bd75c69735c7984001e2') in 0.047689 seconds
  Import took 0.054440 seconds .

========================================================================
Received Import Request.
  Time since last request: 0.000509 seconds.
  path: Assets/Amigo/Jump (10).png
  artifactKey: Guid(4e4ff2d2da5b8f24ba5812f8aa2041ca) Importer(815301076,1909f56bfc062723c751e8b465ee728b)
Start importing Assets/Amigo/Jump (10).png using Guid(4e4ff2d2da5b8f24ba5812f8aa2041ca) Importer(815301076,1909f56bfc062723c751e8b465ee728b)  -> (artifact id: '4712d2af001bfcafebbe124b7e34e4bc') in 0.044570 seconds
  Import took 0.055157 seconds .

========================================================================
Received Import Request.
  Time since last request: 0.000391 seconds.
  path: Assets/Amigo/JumpMelee (2).png
  artifactKey: Guid(d7d410f6b3cd1a64b9ff358712dd8766) Importer(815301076,1909f56bfc062723c751e8b465ee728b)
Start importing Assets/Amigo/JumpMelee (2).png using Guid(d7d410f6b3cd1a64b9ff358712dd8766) Importer(815301076,1909f56bfc062723c751e8b465ee728b)  -> (artifact id: 'b7ddca27eed0b7379c1741e930a32d13') in 0.043108 seconds
  Import took 0.049856 seconds .

========================================================================
Received Import Request.
  Time since last request: 0.000339 seconds.
  path: Assets/Amigo/Jump (6).png
  artifactKey: Guid(cbc5981aa87733a40a39c66b9ac87927) Importer(815301076,1909f56bfc062723c751e8b465ee728b)
Start importing Assets/Amigo/Jump (6).png using Guid(cbc5981aa87733a40a39c66b9ac87927) Importer(815301076,1909f56bfc062723c751e8b465ee728b)  -> (artifact id: '04c8180fc233a11b893bdebc0a5afea3') in 0.041289 seconds
  Import took 0.047096 seconds .

========================================================================
Received Import Request.
  Time since last request: 0.000466 seconds.
  path: Assets/Amigo/Jump (4).png
  artifactKey: Guid(00d17f4756862ba4e9a42007d2e29f78) Importer(815301076,1909f56bfc062723c751e8b465ee728b)
Start importing Assets/Amigo/Jump (4).png using Guid(00d17f4756862ba4e9a42007d2e29f78) Importer(815301076,1909f56bfc062723c751e8b465ee728b)  -> (artifact id: '3c6e195a4636ed31d7247f88383c104c') in 0.035077 seconds
  Import took 0.045168 seconds .

========================================================================
Received Import Request.
  Time since last request: 0.001904 seconds.
  path: Assets/Amigo/Dead (9).png
  artifactKey: Guid(c736a96e87324cf4a825f2954f907022) Importer(815301076,1909f56bfc062723c751e8b465ee728b)
Start importing Assets/Amigo/Dead (9).png using Guid(c736a96e87324cf4a825f2954f907022) Importer(815301076,1909f56bfc062723c751e8b465ee728b)  -> (artifact id: '17077926a3db4a028f4bcf7bc2ffae95') in 0.051686 seconds
  Import took 0.062081 seconds .

========================================================================
Received Import Request.
  Time since last request: 0.000308 seconds.
  path: Assets/Amigo/Jump (5).png
  artifactKey: Guid(c8c5e3c5d94a65645b8c4d988a112355) Importer(815301076,1909f56bfc062723c751e8b465ee728b)
Start importing Assets/Amigo/Jump (5).png using Guid(c8c5e3c5d94a65645b8c4d988a112355) Importer(815301076,1909f56bfc062723c751e8b465ee728b)  -> (artifact id: '04560f215e855c855d27d5623954fe5e') in 0.034292 seconds
  Import took 0.040529 seconds .

========================================================================
Received Import Request.
  Time since last request: 0.000353 seconds.
  path: Assets/Amigo/Idle (1).png
  artifactKey: Guid(dacc67db61d03d84985ec05cfc87db56) Importer(815301076,1909f56bfc062723c751e8b465ee728b)
Start importing Assets/Amigo/Idle (1).png using Guid(dacc67db61d03d84985ec05cfc87db56) Importer(815301076,1909f56bfc062723c751e8b465ee728b)  -> (artifact id: '4266c2ef4abcd7b8aaf8fc9fb6c362ea') in 0.032435 seconds
  Import took 0.039341 seconds .

========================================================================
Received Import Request.
  Time since last request: 0.000325 seconds.
  path: Assets/Amigo/JumpMelee (4).png
  artifactKey: Guid(3be40b97f1fbeec469331ecf97388ee6) Importer(815301076,1909f56bfc062723c751e8b465ee728b)
Start importing Assets/Amigo/JumpMelee (4).png using Guid(3be40b97f1fbeec469331ecf97388ee6) Importer(815301076,1909f56bfc062723c751e8b465ee728b)  -> (artifact id: '3641fb5dd7cc4ab32089c1ab230eba11') in 0.038185 seconds
  Import took 0.043003 seconds .

========================================================================
Received Import Request.
  Time since last request: 0.000280 seconds.
  path: Assets/Amigo/Dead (3).png
  artifactKey: Guid(c10c055c905fdf148b1e6ccda06c2f8d) Importer(815301076,1909f56bfc062723c751e8b465ee728b)
Start importing Assets/Amigo/Dead (3).png using Guid(c10c055c905fdf148b1e6ccda06c2f8d) Importer(815301076,1909f56bfc062723c751e8b465ee728b)  -> (artifact id: 'e77670bd0f0b24328e5c0c022f2cc397') in 0.038817 seconds
  Import took 0.044908 seconds .

========================================================================
Received Import Request.
  Time since last request: 0.000490 seconds.
  path: Assets/Amigo/Dead (8).png
  artifactKey: Guid(06be5d44983dcfd4d9e85c44bba48e88) Importer(815301076,1909f56bfc062723c751e8b465ee728b)
Start importing Assets/Amigo/Dead (8).png using Guid(06be5d44983dcfd4d9e85c44bba48e88) Importer(815301076,1909f56bfc062723c751e8b465ee728b)  -> (artifact id: '1a0702417450e385488395880dbc702b') in 0.036239 seconds
  Import took 0.041808 seconds .

========================================================================
Received Import Request.
  Time since last request: 0.000447 seconds.
  path: Assets/Amigo/Dead (1).png
  artifactKey: Guid(eee776e82f462a84ca9a2a27eac4e7d6) Importer(815301076,1909f56bfc062723c751e8b465ee728b)
Start importing Assets/Amigo/Dead (1).png using Guid(eee776e82f462a84ca9a2a27eac4e7d6) Importer(815301076,1909f56bfc062723c751e8b465ee728b)  -> (artifact id: 'aa2c0a72f8d8367f080f6d15fae8e78b') in 0.045724 seconds
  Import took 0.053634 seconds .

========================================================================
Received Import Request.
  Time since last request: 0.000548 seconds.
  path: Assets/Amigo/Dead (5).png
  artifactKey: Guid(e17126cb6de315f4c9680c2a94ed37bd) Importer(815301076,1909f56bfc062723c751e8b465ee728b)
Start importing Assets/Amigo/Dead (5).png using Guid(e17126cb6de315f4c9680c2a94ed37bd) Importer(815301076,1909f56bfc062723c751e8b465ee728b)  -> (artifact id: 'e7a80e17f7809d86ccf86ffffbb7d196') in 0.041012 seconds
  Import took 0.046592 seconds .

========================================================================
Received Import Request.
  Time since last request: 0.000286 seconds.
  path: Assets/Amigo/Idle (8).png
  artifactKey: Guid(c7964d88be469434fbe382c870dffb6f) Importer(815301076,1909f56bfc062723c751e8b465ee728b)
Start importing Assets/Amigo/Idle (8).png using Guid(c7964d88be469434fbe382c870dffb6f) Importer(815301076,1909f56bfc062723c751e8b465ee728b)  -> (artifact id: 'f0b9bea26ca502a40c6e797efd47efb1') in 0.040052 seconds
  Import took 0.046365 seconds .

========================================================================
Received Import Request.
  Time since last request: 0.000251 seconds.
  path: Assets/Amigo/Idle (4).png
  artifactKey: Guid(3628754efaa4df64f98cde1351c3e780) Importer(815301076,1909f56bfc062723c751e8b465ee728b)
Start importing Assets/Amigo/Idle (4).png using Guid(3628754efaa4df64f98cde1351c3e780) Importer(815301076,1909f56bfc062723c751e8b465ee728b)  -> (artifact id: '2a16ffa5187eadf2c7800131282816dd') in 0.041711 seconds
  Import took 0.046109 seconds .

========================================================================
Received Import Request.
  Time since last request: 0.000273 seconds.
  path: Assets/Amigo/Idle (6).png
  artifactKey: Guid(4208ae906b09e444fa764dc63fd08b9a) Importer(815301076,1909f56bfc062723c751e8b465ee728b)
Start importing Assets/Amigo/Idle (6).png using Guid(4208ae906b09e444fa764dc63fd08b9a) Importer(815301076,1909f56bfc062723c751e8b465ee728b)  -> (artifact id: '18e2a3ba96f8ddf1d24a9eb9fe4784df') in 0.036209 seconds
  Import took 0.039641 seconds .

========================================================================
Received Import Request.
  Time since last request: 0.000492 seconds.
  path: Assets/Amigo/Idle (2).png
  artifactKey: Guid(e0fa1a65153b00e449e3f10d11da7b82) Importer(815301076,1909f56bfc062723c751e8b465ee728b)
Start importing Assets/Amigo/Idle (2).png using Guid(e0fa1a65153b00e449e3f10d11da7b82) Importer(815301076,1909f56bfc062723c751e8b465ee728b)  -> (artifact id: '913200e5587679b4e295e66d01024a0f') in 0.035841 seconds
  Import took 0.049326 seconds .

========================================================================
Received Import Request.
  Time since last request: 0.000273 seconds.
  path: Assets/Amigo/Idle (10).png
  artifactKey: Guid(074b666416b690c4f9ee80efba6e4a85) Importer(815301076,1909f56bfc062723c751e8b465ee728b)
Start importing Assets/Amigo/Idle (10).png using Guid(074b666416b690c4f9ee80efba6e4a85) Importer(815301076,1909f56bfc062723c751e8b465ee728b)  -> (artifact id: 'bcf969704df0fdf99389afd2621b88d0') in 0.038219 seconds
  Import took 0.043734 seconds .

========================================================================
Received Import Request.
  Time since last request: 0.000220 seconds.
  path: Assets/Amigo/Dead (2).png
  artifactKey: Guid(5ccb074eab4791e4ab37c8ebcd19c4b7) Importer(815301076,1909f56bfc062723c751e8b465ee728b)
Start importing Assets/Amigo/Dead (2).png using Guid(5ccb074eab4791e4ab37c8ebcd19c4b7) Importer(815301076,1909f56bfc062723c751e8b465ee728b)  -> (artifact id: '0fa8c1dd4426a9c312b14c5bd4b695b6') in 0.040269 seconds
  Import took 0.044723 seconds .

========================================================================
Received Import Request.
  Time since last request: 0.000329 seconds.
  path: Assets/Amigo/JumpMelee (1).png
  artifactKey: Guid(7d6ae4265f3b6984a821a7433f1f50f4) Importer(815301076,1909f56bfc062723c751e8b465ee728b)
Start importing Assets/Amigo/JumpMelee (1).png using Guid(7d6ae4265f3b6984a821a7433f1f50f4) Importer(815301076,1909f56bfc062723c751e8b465ee728b)  -> (artifact id: '019dbac09eb77c7cb2d75fd3cdf28f35') in 0.041559 seconds
  Import took 0.047750 seconds .

========================================================================
Received Import Request.
  Time since last request: 0.000326 seconds.
  path: Assets/Amigo/Idle (9).png
  artifactKey: Guid(6e494024ce27965449370462e3bc0796) Importer(815301076,1909f56bfc062723c751e8b465ee728b)
Start importing Assets/Amigo/Idle (9).png using Guid(6e494024ce27965449370462e3bc0796) Importer(815301076,1909f56bfc062723c751e8b465ee728b)  -> (artifact id: 'a69d9255566521fcf108880b9862b178') in 0.054170 seconds
  Import took 0.060439 seconds .

========================================================================
Received Import Request.
  Time since last request: 0.923062 seconds.
  path: Assets/Canvas/Vidas/mouse.png
  artifactKey: Guid(0c13c41129c3f11498438b0ecb3b9995) Importer(815301076,1909f56bfc062723c751e8b465ee728b)
Start importing Assets/Canvas/Vidas/mouse.png using Guid(0c13c41129c3f11498438b0ecb3b9995) Importer(815301076,1909f56bfc062723c751e8b465ee728b)  -> (artifact id: '4537af663ac539e028d0a95a972f7646') in 0.037566 seconds
  Import took 0.043475 seconds .

========================================================================
Received Import Request.
  Time since last request: 0.000400 seconds.
  path: Assets/Canvas/Vidas
  artifactKey: Guid(e67d4b645d9300d4ebdd52fda2cdf00e) Importer(815301076,1909f56bfc062723c751e8b465ee728b)
Start importing Assets/Canvas/Vidas using Guid(e67d4b645d9300d4ebdd52fda2cdf00e) Importer(815301076,1909f56bfc062723c751e8b465ee728b)  -> (artifact id: 'aa24e684bac21c4447159c38865e5979') in 0.011907 seconds
  Import took 0.017713 seconds .

AssetImportWorkerClient::OnTransportError - code=2 error=End of file
