Using pre-set license
Built from '2020.2/staging' branch; Version is '2020.2.6f1 (8a2143876886) revision 9052483'; Using compiler version '192528614'; Build Type 'Release'
OS: 'Windows 10 Home Single Language; OS build 19041.867; Version 2004; 64bit' Language: 'es' Physical Memory: 16224 MB
BatchMode: 1, IsHumanControllingUs: 0, StartBugReporterOnCrash: 0, Is64bit: 1, IsPro: 0

 COMMAND LINE ARGUMENTS:
C:\Unity\2020.2.6f1\Editor\Unity.exe
-adb2
-batchMode
-noUpm
-name
AssetImportWorker0
-projectPath
C:/Users/Matt Aullido/Documents/Tec De Monterrey/Cuarto semestre/Unity test/PrototipoVideojuego
-logFile
Logs/AssetImportWorker0.log
-srvPort
60375
Successfully changed project path to: C:/Users/Matt Aullido/Documents/Tec De Monterrey/Cuarto semestre/Unity test/PrototipoVideojuego
C:/Users/Matt Aullido/Documents/Tec De Monterrey/Cuarto semestre/Unity test/PrototipoVideojuego
Using Asset Import Pipeline V2.
Refreshing native plugins compatible for Editor in 43.75 ms, found 1 plugins.
Preloading 0 native plugins for Editor in 0.00 ms.
Initialize engine version: 2020.2.6f1 (8a2143876886)
[Subsystems] Discovering subsystems at path C:/Unity/2020.2.6f1/Editor/Data/Resources/UnitySubsystems
[Subsystems] Discovering subsystems at path C:/Users/Matt Aullido/Documents/Tec De Monterrey/Cuarto semestre/Unity test/PrototipoVideojuego/Assets
GfxDevice: creating device client; threaded=0
Direct3D:
    Version:  Direct3D 11.0 [level 11.1]
    Renderer: NVIDIA GeForce GTX 1050 Ti (ID=0x1c8c)
    Vendor:   
    VRAM:     4018 MB
    Driver:   26.21.14.4223
Initialize mono
Mono path[0] = 'C:/Unity/2020.2.6f1/Editor/Data/Managed'
Mono path[1] = 'C:/Unity/2020.2.6f1/Editor/Data/MonoBleedingEdge/lib/mono/unityjit'
Mono config path = 'C:/Unity/2020.2.6f1/Editor/Data/MonoBleedingEdge/etc'
Using monoOptions --debugger-agent=transport=dt_socket,embedding=1,server=y,suspend=n,address=127.0.0.1:56536
Begin MonoManager ReloadAssembly
Registering precompiled unity dll's ...
Register platform support module: C:/Unity/2020.2.6f1/Editor/Data/PlaybackEngines/WindowsStandaloneSupport/UnityEditor.WindowsStandalone.Extensions.dll
Registered in 0.001985 seconds.
Native extension for WindowsStandalone target not found
Refreshing native plugins compatible for Editor in 40.31 ms, found 1 plugins.
Preloading 0 native plugins for Editor in 0.00 ms.
Invoked RoslynAnalysisRunner static constructor.
RoslynAnalysisRunner will not be running.
RoslynAnalysisRunner has terminated.
Mono: successfully reloaded assembly
- Completed reload, in  1.139 seconds
Platform modules already initialized, skipping
Registering precompiled user dll's ...
Registered in 0.001074 seconds.
Begin MonoManager ReloadAssembly
Native extension for WindowsStandalone target not found
Refreshing native plugins compatible for Editor in 48.49 ms, found 1 plugins.
Preloading 0 native plugins for Editor in 0.00 ms.
Invoked RoslynAnalysisRunner static constructor.
RoslynAnalysisRunner will not be running.
RoslynAnalysisRunner has terminated.
Mono: successfully reloaded assembly
- Completed reload, in  0.994 seconds
Platform modules already initialized, skipping
========================================================================
Worker process is ready to serve import requests
Launched and connected shader compiler UnityShaderCompiler.exe after 0.06 seconds
Refreshing native plugins compatible for Editor in 0.38 ms, found 1 plugins.
Preloading 0 native plugins for Editor in 0.00 ms.
Unloading 1818 Unused Serialized files (Serialized files now loaded: 0)
System memory in use before: 87.4 MB.
System memory in use after: 87.3 MB.

Unloading 24 unused Assets to reduce memory usage. Loaded Objects now: 2261.
Total: 2.666000 ms (FindLiveObjects: 0.187100 ms CreateObjectMapping: 0.068300 ms MarkObjects: 2.279700 ms  DeleteObjects: 0.129800 ms)

========================================================================
Received Import Request.
  path: Assets/Animation/Correr.anim
  artifactKey: Guid(86e4e87cb8ba2fa4ba8947c32d8f4300) Importer(815301076,1909f56bfc062723c751e8b465ee728b)
Start importing Assets/Animation/Correr.anim using Guid(86e4e87cb8ba2fa4ba8947c32d8f4300) Importer(815301076,1909f56bfc062723c751e8b465ee728b)  -> (artifact id: '5772be15ed46b7237aa4ff42d0cb4a1d') in 0.061589 seconds
  Import took 0.065710 seconds .

========================================================================
Received Prepare
Refreshing native plugins compatible for Editor in 1.74 ms, found 1 plugins.
Preloading 0 native plugins for Editor in 0.00 ms.
Unloading 10 Unused Serialized files (Serialized files now loaded: 0)
System memory in use before: 50.1 MB.
System memory in use after: 50.1 MB.

Unloading 10 unused Assets to reduce memory usage. Loaded Objects now: 2261.
Total: 5.691700 ms (FindLiveObjects: 1.103400 ms CreateObjectMapping: 0.252500 ms MarkObjects: 4.174900 ms  DeleteObjects: 0.157300 ms)

AssetImportWorkerClient::OnTransportError - code=2 error=End of file
